> Task :buildSrc:compileKotlin UP-TO-DATE
> Task :buildSrc:compileJava NO-SOURCE
> Task :buildSrc:compileGroovy NO-SOURCE
> Task :buildSrc:pluginDescriptors UP-TO-DATE
> Task :buildSrc:processResources NO-SOURCE
> Task :buildSrc:classes UP-TO-DATE
> Task :buildSrc:inspectClassesForKotlinIC UP-TO-DATE
> Task :buildSrc:jar UP-TO-DATE
> Task :buildSrc:assemble UP-TO-DATE
> Task :buildSrc:compileTestKotlin NO-SOURCE
> Task :buildSrc:compileTestJava NO-SOURCE
> Task :buildSrc:compileTestGroovy NO-SOURCE
> Task :buildSrc:pluginUnderTestMetadata UP-TO-DATE
> Task :buildSrc:processTestResources NO-SOURCE
> Task :buildSrc:testClasses UP-TO-DATE
> Task :buildSrc:test NO-SOURCE
> Task :buildSrc:validatePlugins UP-TO-DATE
> Task :buildSrc:check UP-TO-DATE
> Task :buildSrc:build UP-TO-DATE

> Configure project :compose
kuikly username is 
w: Kotlin CocoaPods Plugin is fully supported on MacOS machines only. Gradle tasks that can not run on non-mac hosts will be skipped.
Run the build on a MacOS machine


w: The following Kotlin/Native targets cannot be built on this machine and are disabled:
iosArm64, iosSimulatorArm64, iosX64, macosArm64, macosX64
To hide this message, add 'kotlin.native.ignoreDisabledTargets=true' to the Gradle properties.



> Configure project :core
kuikly username is 
w: Kotlin CocoaPods Plugin is fully supported on MacOS machines only. Gradle tasks that can not run on non-mac hosts will be skipped.
Run the build on a MacOS machine


w: The following Kotlin/Native targets cannot be built on this machine and are disabled:
iosArm64, iosSimulatorArm64, iosX64, macosArm64, macosX64
To hide this message, add 'kotlin.native.ignoreDisabledTargets=true' to the Gradle properties.


w: The Default Kotlin Hierarchy Template was not applied to 'project ':core'':
Explicit .dependsOn() edges were configured for the following source sets:
[appleMain, iosArm64Main, iosMain, iosSimulatorArm64Main, iosX64Main, macosArm64Main, macosMain, macosX64Main]

Consider removing dependsOn-calls or disabling the default template by adding
    'kotlin.mpp.applyDefaultHierarchyTemplate=false'
to your gradle.properties
Please remove the dependsOn-calls or disable the default template.
Learn more about hierarchy templates: https://kotl.in/hierarchy-template


w: The following Kotlin source sets were configured but not added to any Kotlin compilation:
 * iosMain
 * macosMain
You can add a source set to a target's compilation by connecting it with the compilation's default source set using 'dependsOn'.
See https://kotl.in/connecting-source-sets



> Configure project :core-annotations
kuikly username is 
w: Kotlin CocoaPods Plugin is fully supported on MacOS machines only. Gradle tasks that can not run on non-mac hosts will be skipped.
Run the build on a MacOS machine


w: The following Kotlin/Native targets cannot be built on this machine and are disabled:
iosArm64, iosSimulatorArm64, iosX64, macosArm64, macosX64
To hide this message, add 'kotlin.native.ignoreDisabledTargets=true' to the Gradle properties.



> Configure project :core-ksp
kuikly username is 

> Configure project :core-render-android
kuikly username is 

> Configure project :demo
[KuiklyGradle][KuiklyPlugin] apply
[KuiklyGradle][KuiklyPlugin] Using local KSP, skipping remote core-ksp dependency
[KuiklyGradle][JSProcessor] > createPackAssetsTask packJsLocalAssetsDebug with assetsPath: null
[KuiklyGradle][JSProcessor] > createPackAssetsTask packJsSplitAssetsDebug with assetsPath: null
[KuiklyGradle][JSProcessor] > createPackAssetsTask packJsLocalAssetsRelease with assetsPath: null
[KuiklyGradle][JSProcessor] > createPackAssetsTask packJsSplitAssetsRelease with assetsPath: null
w: Kotlin CocoaPods Plugin is fully supported on MacOS machines only. Gradle tasks that can not run on non-mac hosts will be skipped.
Run the build on a MacOS machine


w: The following Kotlin/Native targets cannot be built on this machine and are disabled:
iosArm64, iosSimulatorArm64, iosX64, macosArm64, macosX64
To hide this message, add 'kotlin.native.ignoreDisabledTargets=true' to the Gradle properties.


w: The Default Kotlin Hierarchy Template was not applied to 'project ':demo'':
Explicit .dependsOn() edges were configured for the following source sets:
[androidMain, appleMain, iosArm64Main, iosMain, iosSimulatorArm64Main, iosX64Main, jsMain, macosArm64Main, macosX64Main]

Consider removing dependsOn-calls or disabling the default template by adding
    'kotlin.mpp.applyDefaultHierarchyTemplate=false'
to your gradle.properties
Please remove the dependsOn-calls or disable the default template.
Learn more about hierarchy templates: https://kotl.in/hierarchy-template


w: The Kotlin source set iosMain was configured but not added to any Kotlin compilation.

You can add a source set to a target's compilation by connecting it with the compilation's default source set using 'dependsOn'.
See https://kotl.in/connecting-source-sets



> Configure project :core-render-web:base
kuikly username is 

> Configure project :core-render-web:h5
kuikly username is 

> Configure project :core-render-web:miniapp
kuikly username is 
Configuration 'jsNpmAggregated' was resolved during configuration time.
This is a build performance and scalability issue.
See https://github.com/gradle/gradle/issues/2298
Run with --info for a stacktrace.
Configuration 'jsTestNpmAggregated' was resolved during configuration time.
This is a build performance and scalability issue.
See https://github.com/gradle/gradle/issues/2298
Run with --info for a stacktrace.
Configuration 'jsNpmAggregated' was resolved during configuration time.
This is a build performance and scalability issue.
See https://github.com/gradle/gradle/issues/2298
Run with --info for a stacktrace.
Configuration 'jsTestNpmAggregated' was resolved during configuration time.
This is a build performance and scalability issue.
See https://github.com/gradle/gradle/issues/2298
Run with --info for a stacktrace.
Configuration 'jsNpmAggregated' was resolved during configuration time.
This is a build performance and scalability issue.
See https://github.com/gradle/gradle/issues/2298
Run with --info for a stacktrace.
Configuration 'jsTestNpmAggregated' was resolved during configuration time.
This is a build performance and scalability issue.
See https://github.com/gradle/gradle/issues/2298
Run with --info for a stacktrace.
Configuration 'jsNpmAggregated' was resolved during configuration time.
This is a build performance and scalability issue.
See https://github.com/gradle/gradle/issues/2298
Run with --info for a stacktrace.
Configuration 'jsTestNpmAggregated' was resolved during configuration time.
This is a build performance and scalability issue.
See https://github.com/gradle/gradle/issues/2298
Run with --info for a stacktrace.

> Task :kotlinNodeJsSetup UP-TO-DATE
> Task :kotlinNpmCachesSetup
> Task :kotlinRestoreYarnLock UP-TO-DATE
> Task :kotlinYarnSetup UP-TO-DATE
> Task :core:jsPackageJson UP-TO-DATE
> Task :core-annotations:jsPackageJson UP-TO-DATE
> Task :compose:jsPackageJson UP-TO-DATE
> Task :compose:jsTestPackageJson UP-TO-DATE
> Task :core:jsTestPackageJson UP-TO-DATE
> Task :core-annotations:jsTestPackageJson UP-TO-DATE
> Task :demo:jsPackageJson UP-TO-DATE
> Task :demo:jsTestPackageJson UP-TO-DATE
> Task :core-render-web:base:jsPackageJson UP-TO-DATE
> Task :core-render-web:h5:jsPackageJson UP-TO-DATE
> Task :h5App:jsPackageJson UP-TO-DATE
> Task :h5App:jsTestPackageJson UP-TO-DATE
> Task :core-render-web:miniapp:jsPackageJson UP-TO-DATE
> Task :miniApp:jsPackageJson UP-TO-DATE
> Task :miniApp:jsTestPackageJson UP-TO-DATE
> Task :core-render-web:base:jsTestPackageJson UP-TO-DATE
> Task :core-render-web:h5:jsTestPackageJson UP-TO-DATE
> Task :core-render-web:miniapp:jsTestPackageJson UP-TO-DATE
> Task :compose:jsPublicPackageJson UP-TO-DATE
> Task :compose:jsTestPublicPackageJson UP-TO-DATE
> Task :core:jsPublicPackageJson UP-TO-DATE
> Task :core:jsTestPublicPackageJson UP-TO-DATE
> Task :core-annotations:jsPublicPackageJson UP-TO-DATE
> Task :core-annotations:jsTestPublicPackageJson UP-TO-DATE
> Task :demo:jsPublicPackageJson UP-TO-DATE
> Task :demo:jsTestPublicPackageJson UP-TO-DATE
> Task :h5App:jsPublicPackageJson UP-TO-DATE
> Task :h5App:jsTestPublicPackageJson UP-TO-DATE
> Task :miniApp:jsPublicPackageJson UP-TO-DATE
> Task :miniApp:jsTestPublicPackageJson UP-TO-DATE
> Task :core-render-web:base:jsPublicPackageJson UP-TO-DATE
> Task :core-render-web:base:jsTestPublicPackageJson UP-TO-DATE
> Task :core-render-web:h5:jsPublicPackageJson UP-TO-DATE
> Task :core-render-web:h5:jsTestPublicPackageJson UP-TO-DATE
> Task :core-render-web:miniapp:jsPublicPackageJson UP-TO-DATE
> Task :core-render-web:miniapp:jsTestPublicPackageJson UP-TO-DATE
> Task :packageJsonUmbrella UP-TO-DATE
> Task :rootPackageJson UP-TO-DATE
> Task :kotlinNpmInstall UP-TO-DATE
> Task :kotlinStoreYarnLock UP-TO-DATE
> Task :h5App:checkKotlinGradlePluginConfigurationErrors SKIPPED
> Task :core-render-web:base:checkKotlinGradlePluginConfigurationErrors SKIPPED
> Task :core-render-web:base:compileKotlinJs UP-TO-DATE
> Task :core-render-web:h5:checkKotlinGradlePluginConfigurationErrors SKIPPED
> Task :core-render-web:h5:compileKotlinJs UP-TO-DATE
> Task :h5App:compileKotlinJs UP-TO-DATE
> Task :h5App:jsProcessResources UP-TO-DATE
> Task :h5App:jsMainClasses UP-TO-DATE
> Task :h5App:compileDevelopmentExecutableKotlinJs UP-TO-DATE
> Task :h5App:jsDevelopmentExecutableCompileSync UP-TO-DATE
> Task :h5App:jsBrowserDevelopmentRun

BUILD SUCCESSFUL in 1s
56 actionable tasks: 2 executed, 54 up-to-date

Waiting for changes to input files...
<i> [webpack-dev-server] Project is running at:
<i> [webpack-dev-server] Loopback: http://localhost:8080/
<i> [webpack-dev-server] On Your Network (IPv4): http://192.168.255.10:8080/
<i> [webpack-dev-server] Content not from webpack is served from 'kotlin, ..\..\..\..\h5App\build\processedResources\js\main' directory
<i> [webpack-dev-middleware] wait until bundle finished: /
asset h5App.js 3.84 MiB [emitted] (name: main)
runtime modules 27.4 KiB 12 modules
modules by path ../../node_modules/ 129 KiB
  modules by path ../../node_modules/webpack-dev-server/client/ 71.8 KiB 16 modules
  modules by path ../../node_modules/webpack/hot/*.js 5.17 KiB 4 modules
  modules by path ../../node_modules/html-entities/dist/esm/*.js 33.3 KiB
    ../../node_modules/html-entities/dist/esm/index.js 4.94 KiB [built] [code generated]
    + 3 modules
  ../../node_modules/ansi-html-community/index.js 4.16 KiB [built] [code generated]
  ../../node_modules/events/events.js 14.5 KiB [built] [code generated]
modules with warnings 1.73 MiB [warnings]
  ./kotlin/KuiklyUI-h5App.js 57.3 KiB [built] [code generated] [7 warnings]
  ./kotlin/kotlin-kotlin-stdlib.js 762 KiB [built] [code generated] [174 warnings]
  ./kotlin/KuiklyCore-render-web-base.js 707 KiB [built] [code generated] [27 warnings]
  ./kotlin/KuiklyCore-render-web-h5.js 244 KiB [built] [code generated] [9 warnings]
  ./kotlin/kotlin_org_jetbrains_kotlin_kotlin_dom_api_compat.js 6.11 KiB [built] [code generated] [4 warnings]
webpack 5.94.0 compiled successfully in 1195 ms
